<?xml version="1.0" encoding="UTF-8"?>
<testsuite xmlns:xsi="http://www.w3.org/2001/XMLSchema-instance" xsi:noNamespaceSchemaLocation="https://maven.apache.org/surefire/maven-surefire-plugin/xsd/surefire-test-report.xsd" version="3.0.1" name="TestSuite" time="30.699" tests="2" errors="0" skipped="0" failures="0">
  <properties>
[...]
</properties>
  <testcase name="loginWithValidCredentials[org.testng.TestRunner@1a7288a3](1)" classname="com.qcart.tests.LoginTest" time="0.643">
    <system-err><![CDATA[Nov 14, 2024 11:33:15 AM org.openqa.selenium.devtools.CdpVersionFinder findNearestMatch
WARNING: Unable to find CDP implementation matching 130
Nov 14, 2024 11:33:15 AM org.openqa.selenium.chromium.ChromiumDriver lambda$new$5
WARNING: Unable to find version of CDP to use for 130.0.6723.117. You may need to include a dependency on a specific version of the CDP using something similar to `org.seleniumhq.selenium:selenium-devtools-v86:4.21.0` where the version ("v86") matches the version of the chromium-based browser you're using and the version number of the artifact is the same as Selenium's.
[main] INFO com.qcart.tests.BaseClass - Running test into chrome browser...
[main] INFO com.qcart.tests.BaseClass - URL is opened...
[main] INFO com.qcart.tests.BaseClass - Login Button clicked ...
[main] INFO com.qcart.tests.BaseClass - Entered username...
[main] INFO com.qcart.tests.BaseClass - Entered password...
[main] INFO com.qcart.tests.BaseClass - Submit Button clicked ...
[main] INFO com.qcart.tests.BaseClass - User logged in successfully...
]]></system-err>
  </testcase>
  <testcase name="loginWithInvalidCredentials" classname="com.qcart.tests.LoginTest" time="3.545">
    <system-err><![CDATA[[main] INFO com.qcart.tests.BaseClass - Again URL opened...
[main] INFO com.qcart.tests.BaseClass - Login Button clicked ...
[main] INFO com.qcart.tests.BaseClass - Entered invalid Username...
[main] INFO com.qcart.tests.BaseClass - Entered invalid Password...
[main] INFO com.qcart.tests.BaseClass - Submit Button clicked...
[main] INFO com.qcart.tests.BaseClass - Verifying the error message...
]]></system-err>
  </testcase>
</testsuite>