<?xml version="1.0" encoding="UTF-8"?>
<testng-results ignored="0" total="2" passed="2" failed="0" skipped="0">
  <reporter-output>
  </reporter-output>
  <suite started-at="2024-11-14T11:33:11 IST" name="EbankingApp" finished-at="2024-11-14T11:33:42 IST" duration-ms="30383">
    <groups>
    </groups>
    <test started-at="2024-11-14T11:33:11 IST" name="BankingApp Test" finished-at="2024-11-14T11:33:42 IST" duration-ms="30383">
      <class name="com.qcart.tests.LoginTest">
        <test-method is-config="true" signature="setUp(java.lang.String)[pri:0, instance:com.qcart.tests.LoginTest@12468a38]" started-at="2024-11-14T11:33:11 IST" name="setUp" finished-at="2024-11-14T11:33:37 IST" duration-ms="25972" status="PASS">
          <params>
            <param index="0">
              <value>
                <![CDATA[chrome]]>
              </value>
            </param>
          </params>
          <reporter-output>
          </reporter-output>
        </test-method> <!-- setUp -->
        <test-method signature="loginWithValidCredentials(org.testng.ITestContext)[pri:1, instance:com.qcart.tests.LoginTest@12468a38]" started-at="2024-11-14T11:33:37 IST" name="loginWithValidCredentials" finished-at="2024-11-14T11:33:38 IST" duration-ms="644" status="PASS">
          <params>
            <param index="0">
              <value>
                <![CDATA[org.testng.TestRunner@1a7288a3]]>
              </value>
            </param>
          </params>
          <reporter-output>
          </reporter-output>
        </test-method> <!-- loginWithValidCredentials -->
        <test-method signature="loginWithInvalidCredentials()[pri:2, instance:com.qcart.tests.LoginTest@12468a38]" started-at="2024-11-14T11:33:38 IST" name="loginWithInvalidCredentials" finished-at="2024-11-14T11:33:42 IST" duration-ms="3547" status="PASS">
          <reporter-output>
          </reporter-output>
        </test-method> <!-- loginWithInvalidCredentials -->
        <test-method is-config="true" signature="tearDown()[pri:0, instance:com.qcart.tests.LoginTest@12468a38]" started-at="2024-11-14T11:33:42 IST" name="tearDown" finished-at="2024-11-14T11:33:42 IST" duration-ms="183" status="PASS">
          <reporter-output>
          </reporter-output>
        </test-method> <!-- tearDown -->
      </class> <!-- com.qcart.tests.LoginTest -->
    </test> <!-- BankingApp Test -->
  </suite> <!-- EbankingApp -->
</testng-results>
