<?xml version="1.0" encoding="UTF-8"?>
<testng-results ignored="0" total="1" passed="1" failed="0" skipped="0">
  <reporter-output>
  </reporter-output>
  <suite started-at="2024-11-14T11:28:49 IST" name="Default suite" finished-at="2024-11-14T11:28:55 IST" duration-ms="5962">
    <groups>
    </groups>
    <test started-at="2024-11-14T11:28:49 IST" name="Default test" finished-at="2024-11-14T11:28:55 IST" duration-ms="5962">
      <class name="com.qcart.tests.LoginTest">
        <test-method is-config="true" signature="setUp(java.lang.String)[pri:0, instance:com.qcart.tests.LoginTest@5542c4ed]" started-at="2024-11-14T11:28:49 IST" name="setUp" finished-at="2024-11-14T11:28:54 IST" duration-ms="5194" status="PASS">
          <params>
            <param index="0">
              <value>
                <![CDATA[chrome]]>
              </value>
            </param>
          </params>
          <reporter-output>
          </reporter-output>
        </test-method> <!-- setUp -->
        <test-method signature="loginWithValidCredentials(org.testng.ITestContext)[pri:1, instance:com.qcart.tests.LoginTest@5542c4ed]" started-at="2024-11-14T11:28:54 IST" name="loginWithValidCredentials" finished-at="2024-11-14T11:28:55 IST" duration-ms="616" status="PASS">
          <params>
            <param index="0">
              <value>
                <![CDATA[org.testng.TestRunner@75ed9710]]>
              </value>
            </param>
          </params>
          <reporter-output>
          </reporter-output>
        </test-method> <!-- loginWithValidCredentials -->
        <test-method is-config="true" signature="tearDown()[pri:0, instance:com.qcart.tests.LoginTest@5542c4ed]" started-at="2024-11-14T11:28:55 IST" name="tearDown" finished-at="2024-11-14T11:28:55 IST" duration-ms="134" status="PASS">
          <reporter-output>
          </reporter-output>
        </test-method> <!-- tearDown -->
      </class> <!-- com.qcart.tests.LoginTest -->
    </test> <!-- Default test -->
  </suite> <!-- Default suite -->
</testng-results>
